INFO:root:entere right variablr
WARNING:root:code gives some warning in system
ERROR:root:denotes error in code
INFO:root:enter the number
INFO:root:Please enter how many rows you want to print: 
INFO:root:Please enter how many rows you want to print: 
INFO:root:Please enter how many rows you want to print: 
INFO:root:Please enter how many rows you want to print: 
INFO:root:Please enter how many rows you want to print: 
INFO:root:Please enter how many rows you want to print: 
INFO:root:Please enter how many rows you want to print: 
INFO:root:Please enter how many rows you want to print: 
INFO:root:Please enter how many rows you want to print: 
INFO:root:Please enter how many rows you want to print: 
INFO:root:entere right variablr
WARNING:root:code gives some warning in system
ERROR:root:denotes error in code
INFO:root:enter the number
INFO:root:Please enter how many rows you want to print: 
INFO:root:Please enter how many rows you want to print: 
INFO:root:Please enter how many rows you want to print: 
INFO:root:Please enter how many rows you want to print: 
INFO:root:Please enter how many rows you want to print: 
INFO:root:Please enter how many rows you want to print: 
INFO:root:Please enter how many rows you want to print: 
INFO:root:Please enter how many rows you want to print: 
INFO:root:Please enter how many rows you want to print: 
INFO:root:Please enter how many rows you want to print: 
INFO:root:entere right variablr
WARNING:root:code gives some warning in system
ERROR:root:denotes error in code
INFO:root:enter the number
INFO:root:Please enter how many rows you want to print: 
INFO:root:Please enter how many rows you want to print: 
INFO:root:Please enter how many rows you want to print: 
INFO:root:Please enter how many rows you want to print: 
INFO:root:Please enter how many rows you want to print: 
INFO:root:Please enter how many rows you want to print: 
INFO:root:Please enter how many rows you want to print: 
INFO:root:Please enter how many rows you want to print: 
INFO:root:Please enter how many rows you want to print: 
INFO:root:Please enter how many rows you want to print: 
INFO:root:enter the right value
INFO:root:enter the right value
INFO:root:enter the right value
INFO:root:enter the right value
INFO:root:enter the right value
ERROR:root:mentioned the error
INFO:root:enter the right value
ERROR:root:mentioned the error
